[0m22:35:19.356104 [debug] [MainThread]: Sending event: {'category': 'dbt', 'action': 'invocation', 'label': 'start', 'context': [<snowplow_tracker.self_describing_json.SelfDescribingJson object at 0x7fe6898958b0>, <snowplow_tracker.self_describing_json.SelfDescribingJson object at 0x7fe68ab9c490>, <snowplow_tracker.self_describing_json.SelfDescribingJson object at 0x7fe68ab9c340>]}


============================== 22:35:19.360584 | f8c19abf-05c5-42b6-a2b1-0e299b73542f ==============================
[0m22:35:19.360584 [info ] [MainThread]: Running with dbt=1.7.19
[0m22:35:19.361118 [debug] [MainThread]: running dbt with arguments {'printer_width': '80', 'indirect_selection': 'eager', 'log_cache_events': 'False', 'write_json': 'True', 'partial_parse': 'True', 'cache_selected_only': 'False', 'profiles_dir': '/Users/lakshmanasamy/.dbt', 'debug': 'False', 'warn_error': 'None', 'log_path': 'logs', 'fail_fast': 'False', 'version_check': 'True', 'use_colors': 'True', 'use_experimental_parser': 'False', 'no_print': 'None', 'quiet': 'False', 'warn_error_options': 'WarnErrorOptions(include=[], exclude=[])', 'introspect': 'True', 'static_parser': 'True', 'invocation_command': 'dbt init github_event_analysis', 'target_path': 'None', 'log_format': 'default', 'send_anonymous_usage_stats': 'True'}
[0m22:35:19.362149 [debug] [MainThread]: Starter project path: /opt/anaconda3/lib/python3.9/site-packages/dbt/include/starter_project
[0m22:35:19.367906 [info ] [MainThread]: 
Your new dbt project "github_event_analysis" was created!

For more information on how to configure the profiles.yml file,
please consult the dbt documentation here:

  https://docs.getdbt.com/docs/configure-your-profile

One more thing:

Need help? Don't hesitate to reach out to us via GitHub issues or on Slack:

  https://community.getdbt.com/

Happy modeling!

[0m22:35:19.368523 [info ] [MainThread]: Setting up your profile.
[0m22:35:34.084667 [debug] [MainThread]: Resource report: {"command_name": "init", "command_success": true, "command_wall_clock_time": 15.125046, "process_user_time": 1.554834, "process_kernel_time": 0.418823, "process_mem_max_rss": "93171712", "process_in_blocks": "0", "process_out_blocks": "0"}
[0m22:35:34.085965 [debug] [MainThread]: Command `dbt init` succeeded at 22:35:34.085647 after 15.13 seconds
[0m22:35:34.086366 [debug] [MainThread]: Sending event: {'category': 'dbt', 'action': 'invocation', 'label': 'end', 'context': [<snowplow_tracker.self_describing_json.SelfDescribingJson object at 0x7fe6898958b0>, <snowplow_tracker.self_describing_json.SelfDescribingJson object at 0x7fe68abb0a60>, <snowplow_tracker.self_describing_json.SelfDescribingJson object at 0x7fe68ab81970>]}
[0m22:35:34.086805 [debug] [MainThread]: Flushing usage events
[0m22:35:50.802830 [debug] [MainThread]: Sending event: {'category': 'dbt', 'action': 'invocation', 'label': 'start', 'context': [<snowplow_tracker.self_describing_json.SelfDescribingJson object at 0x7fab68fbd250>, <snowplow_tracker.self_describing_json.SelfDescribingJson object at 0x7fab69f938b0>, <snowplow_tracker.self_describing_json.SelfDescribingJson object at 0x7fab782aee80>]}


============================== 22:35:50.808008 | ee3ee5d6-2868-4ae9-b4b0-579c9a03964f ==============================
[0m22:35:50.808008 [info ] [MainThread]: Running with dbt=1.7.19
[0m22:35:50.808583 [debug] [MainThread]: running dbt with arguments {'printer_width': '80', 'indirect_selection': 'eager', 'log_cache_events': 'False', 'write_json': 'True', 'partial_parse': 'True', 'cache_selected_only': 'False', 'warn_error': 'None', 'version_check': 'True', 'fail_fast': 'False', 'log_path': 'logs', 'profiles_dir': '/Users/lakshmanasamy/.dbt', 'debug': 'False', 'use_colors': 'True', 'use_experimental_parser': 'False', 'no_print': 'None', 'quiet': 'False', 'log_format': 'default', 'introspect': 'True', 'warn_error_options': 'WarnErrorOptions(include=[], exclude=[])', 'invocation_command': 'dbt debug', 'target_path': 'None', 'static_parser': 'True', 'send_anonymous_usage_stats': 'True'}
[0m22:35:50.809289 [info ] [MainThread]: dbt version: 1.7.19
[0m22:35:50.809649 [info ] [MainThread]: python version: 3.9.7
[0m22:35:50.809925 [info ] [MainThread]: python path: /opt/anaconda3/bin/python
[0m22:35:50.810322 [info ] [MainThread]: os info: macOS-10.16-x86_64-i386-64bit
[0m22:35:50.860578 [info ] [MainThread]: Using profiles dir at /Users/lakshmanasamy/.dbt
[0m22:35:50.860955 [info ] [MainThread]: Using profiles.yml file at /Users/lakshmanasamy/.dbt/profiles.yml
[0m22:35:50.861215 [info ] [MainThread]: Using dbt_project.yml file at /Users/lakshmanasamy/mini_project/dbt/dbt_project.yml
[0m22:35:50.861492 [info ] [MainThread]: Configuration:
[0m22:35:50.861730 [info ] [MainThread]:   profiles.yml file [[31mERROR invalid[0m]
[0m22:35:50.861967 [info ] [MainThread]:   dbt_project.yml file [[31mERROR not found[0m]
[0m22:35:50.862217 [info ] [MainThread]: Required dependencies:
[0m22:35:50.862520 [debug] [MainThread]: Executing "git --help"
[0m22:35:51.101707 [debug] [MainThread]: STDOUT: "b''"
[0m22:35:51.102997 [debug] [MainThread]: STDERR: "b'xcrun: error: invalid active developer path (/Library/Developer/CommandLineTools), missing xcrun at: /Library/Developer/CommandLineTools/usr/bin/xcrun\n'"
[0m22:35:51.103292 [debug] [MainThread]: command return code=1
[0m22:35:51.103847 [error] [MainThread]: Encountered an error:
Got a non-zero returncode running: ['/usr/bin/git', '--help']
[0m22:35:51.108675 [debug] [MainThread]: Resource report: {"command_name": "debug", "command_wall_clock_time": 0.38622326, "process_user_time": 1.544081, "process_kernel_time": 0.155844, "process_mem_max_rss": "96288768", "command_success": false, "process_in_blocks": "0", "process_out_blocks": "0"}
[0m22:35:51.109682 [debug] [MainThread]: Command `dbt debug` failed at 22:35:51.109376 after 0.39 seconds
[0m22:35:51.110184 [debug] [MainThread]: Sending event: {'category': 'dbt', 'action': 'invocation', 'label': 'end', 'context': [<snowplow_tracker.self_describing_json.SelfDescribingJson object at 0x7fab68fbd250>, <snowplow_tracker.self_describing_json.SelfDescribingJson object at 0x7fab595a8cd0>, <snowplow_tracker.self_describing_json.SelfDescribingJson object at 0x7fab69f938b0>]}
[0m22:35:51.110680 [debug] [MainThread]: Flushing usage events
[0m20:17:39.884059 [debug] [MainThread]: Sending event: {'category': 'dbt', 'action': 'invocation', 'label': 'start', 'context': [<snowplow_tracker.self_describing_json.SelfDescribingJson object at 0xffffa800dab0>, <snowplow_tracker.self_describing_json.SelfDescribingJson object at 0xffffa609cfa0>, <snowplow_tracker.self_describing_json.SelfDescribingJson object at 0xffffa609d930>]}


============================== 20:17:39.888353 | d6529515-d523-48a0-b30b-e8a6299f58d0 ==============================
[0m20:17:39.888353 [info ] [MainThread]: Running with dbt=1.7.19
[0m20:17:39.888848 [debug] [MainThread]: running dbt with arguments {'printer_width': '80', 'indirect_selection': 'eager', 'write_json': 'True', 'log_cache_events': 'False', 'partial_parse': 'True', 'cache_selected_only': 'False', 'warn_error': 'None', 'debug': 'False', 'fail_fast': 'False', 'log_path': 'logs', 'version_check': 'True', 'profiles_dir': '/opt/airflow/dbt/github_event_analysis', 'use_colors': 'True', 'use_experimental_parser': 'False', 'no_print': 'None', 'quiet': 'False', 'warn_error_options': 'WarnErrorOptions(include=[], exclude=[])', 'introspect': 'True', 'invocation_command': 'dbt debug', 'static_parser': 'True', 'target_path': 'None', 'log_format': 'default', 'send_anonymous_usage_stats': 'True'}
[0m20:17:39.889377 [info ] [MainThread]: dbt version: 1.7.19
[0m20:17:39.889741 [info ] [MainThread]: python version: 3.10.13
[0m20:17:39.890163 [info ] [MainThread]: python path: /usr/local/bin/python
[0m20:17:39.890495 [info ] [MainThread]: os info: Linux-6.12.67-linuxkit-aarch64-with-glibc2.31
[0m20:17:40.023663 [info ] [MainThread]: Using profiles dir at /opt/airflow/dbt/github_event_analysis
[0m20:17:40.024420 [info ] [MainThread]: Using profiles.yml file at /opt/airflow/dbt/github_event_analysis/profiles.yml
[0m20:17:40.024960 [info ] [MainThread]: Using dbt_project.yml file at /opt/airflow/dbt/dbt_project.yml
[0m20:17:40.026122 [info ] [MainThread]: adapter type: mysql
[0m20:17:40.026663 [info ] [MainThread]: adapter version: 1.7.0
[0m20:17:40.027315 [info ] [MainThread]: Configuration:
[0m20:17:40.027839 [info ] [MainThread]:   profiles.yml file [[32mOK found and valid[0m]
[0m20:17:40.028290 [info ] [MainThread]:   dbt_project.yml file [[31mERROR not found[0m]
[0m20:17:40.029081 [info ] [MainThread]: Required dependencies:
[0m20:17:40.029701 [debug] [MainThread]: Executing "git --help"
[0m20:17:40.030879 [info ] [MainThread]:  - git [[31mERROR[0m]

[0m20:17:40.031517 [info ] [MainThread]: Connection:
[0m20:17:40.032062 [info ] [MainThread]:   server: host.docker.internal
[0m20:17:40.032472 [info ] [MainThread]:   unix_socket: None
[0m20:17:40.032847 [info ] [MainThread]:   port: 3307
[0m20:17:40.033279 [info ] [MainThread]:   database: None
[0m20:17:40.033967 [info ] [MainThread]:   schema: github_event_analysis
[0m20:17:40.034517 [info ] [MainThread]:   user: samboy_88
[0m20:17:40.035352 [info ] [MainThread]: Registered adapter: mysql=1.7.0
[0m20:17:40.036497 [debug] [MainThread]: Acquiring new mysql connection 'debug'
[0m20:17:40.036932 [debug] [MainThread]: Using mysql connection "debug"
[0m20:17:40.037324 [debug] [MainThread]: On debug: select 1 as id
[0m20:17:40.037616 [debug] [MainThread]: Opening a new connection, currently in state init
[0m20:17:40.110873 [debug] [MainThread]: SQL status: SUCCESS 1 in 0.0 seconds
[0m20:17:40.111858 [debug] [MainThread]: On debug: Close
[0m20:17:40.112315 [info ] [MainThread]:   Connection test: [[32mOK connection ok[0m]

[0m20:17:40.112859 [info ] [MainThread]: [31m2 checks failed:[0m
[0m20:17:40.113252 [info ] [MainThread]: Project loading failed for the following reason:
 project path </opt/airflow/dbt/dbt_project.yml> not found

[0m20:17:40.113582 [info ] [MainThread]: Error from git --help: User does not have permissions for this command: "git"

[0m20:17:40.114420 [debug] [MainThread]: Resource report: {"command_name": "debug", "command_wall_clock_time": 0.2546882, "process_user_time": 1.533192, "process_kernel_time": 0.314915, "process_mem_max_rss": "110092", "process_in_blocks": "28160", "process_out_blocks": "7", "command_success": false}
[0m20:17:40.114909 [debug] [MainThread]: Command `dbt debug` failed at 20:17:40.114821 after 0.26 seconds
[0m20:17:40.115237 [debug] [MainThread]: Connection 'debug' was properly closed.
[0m20:17:40.115560 [debug] [MainThread]: Sending event: {'category': 'dbt', 'action': 'invocation', 'label': 'end', 'context': [<snowplow_tracker.self_describing_json.SelfDescribingJson object at 0xffffa800dab0>, <snowplow_tracker.self_describing_json.SelfDescribingJson object at 0xffffa45f5930>, <snowplow_tracker.self_describing_json.SelfDescribingJson object at 0xffffa45f7b50>]}
[0m20:17:40.115942 [debug] [MainThread]: Flushing usage events
[0m19:33:46.942300 [debug] [MainThread]: Sending event: {'category': 'dbt', 'action': 'invocation', 'label': 'start', 'context': [<snowplow_tracker.self_describing_json.SelfDescribingJson object at 0xffff8f928760>, <snowplow_tracker.self_describing_json.SelfDescribingJson object at 0xffff8d463c40>, <snowplow_tracker.self_describing_json.SelfDescribingJson object at 0xffff8d463be0>]}


============================== 19:33:46.965151 | 6e1609e1-b53f-4f60-9fd1-700db572e539 ==============================
[0m19:33:46.965151 [info ] [MainThread]: Running with dbt=1.7.19
[0m19:33:46.965712 [debug] [MainThread]: running dbt with arguments {'printer_width': '80', 'indirect_selection': 'eager', 'write_json': 'True', 'log_cache_events': 'False', 'partial_parse': 'True', 'cache_selected_only': 'False', 'warn_error': 'None', 'fail_fast': 'False', 'profiles_dir': '/opt/airflow/dbt/github_event_analysis', 'log_path': 'logs', 'debug': 'False', 'version_check': 'True', 'use_colors': 'True', 'use_experimental_parser': 'False', 'no_print': 'None', 'quiet': 'False', 'warn_error_options': 'WarnErrorOptions(include=[], exclude=[])', 'static_parser': 'True', 'introspect': 'True', 'invocation_command': 'dbt run --select silver', 'target_path': 'None', 'log_format': 'default', 'send_anonymous_usage_stats': 'True'}
[0m19:33:46.966536 [error] [MainThread]: Encountered an error:
Runtime Error
  No dbt_project.yml found at expected path /opt/airflow/dbt/dbt_project.yml
  Verify that each entry within packages.yml (and their transitive dependencies) contains a file named dbt_project.yml
  
[0m19:33:46.967291 [debug] [MainThread]: Resource report: {"command_name": "run", "command_wall_clock_time": 0.055871293, "process_user_time": 1.625134, "process_kernel_time": 0.403025, "process_mem_max_rss": "158172", "process_in_blocks": "6688", "process_out_blocks": "2531", "command_success": false}
[0m19:33:46.967719 [debug] [MainThread]: Command `dbt run` failed at 19:33:46.967636 after 0.06 seconds
[0m19:33:46.968054 [debug] [MainThread]: Sending event: {'category': 'dbt', 'action': 'invocation', 'label': 'end', 'context': [<snowplow_tracker.self_describing_json.SelfDescribingJson object at 0xffff8f928760>, <snowplow_tracker.self_describing_json.SelfDescribingJson object at 0xffff8d4fe4d0>, <snowplow_tracker.self_describing_json.SelfDescribingJson object at 0xffff8d4fe5c0>]}
[0m19:33:46.968371 [debug] [MainThread]: Flushing usage events
[0m19:33:46.960974 [debug] [MainThread]: Sending event: {'category': 'dbt', 'action': 'invocation', 'label': 'start', 'context': [<snowplow_tracker.self_describing_json.SelfDescribingJson object at 0xffffa8f081f0>, <snowplow_tracker.self_describing_json.SelfDescribingJson object at 0xffffa6cf0ac0>, <snowplow_tracker.self_describing_json.SelfDescribingJson object at 0xffffa6cf0220>]}


============================== 19:33:46.984394 | 67964233-ae7c-45ec-a7e6-f5ba15ea43e3 ==============================
[0m19:33:46.984394 [info ] [MainThread]: Running with dbt=1.7.19
[0m19:33:46.984936 [debug] [MainThread]: running dbt with arguments {'printer_width': '80', 'indirect_selection': 'eager', 'write_json': 'True', 'log_cache_events': 'False', 'partial_parse': 'True', 'cache_selected_only': 'False', 'warn_error': 'None', 'fail_fast': 'False', 'version_check': 'True', 'log_path': 'logs', 'debug': 'False', 'profiles_dir': '/opt/airflow/dbt/github_event_analysis', 'use_colors': 'True', 'use_experimental_parser': 'False', 'no_print': 'None', 'quiet': 'False', 'warn_error_options': 'WarnErrorOptions(include=[], exclude=[])', 'invocation_command': 'dbt run --select silver', 'static_parser': 'True', 'log_format': 'default', 'target_path': 'None', 'introspect': 'True', 'send_anonymous_usage_stats': 'True'}
[0m19:33:46.985574 [error] [MainThread]: Encountered an error:
Runtime Error
  No dbt_project.yml found at expected path /opt/airflow/dbt/dbt_project.yml
  Verify that each entry within packages.yml (and their transitive dependencies) contains a file named dbt_project.yml
  
[0m19:33:46.986311 [debug] [MainThread]: Resource report: {"command_name": "run", "command_wall_clock_time": 0.057746876, "process_user_time": 1.632801, "process_kernel_time": 0.398439, "process_mem_max_rss": "158184", "process_in_blocks": "4440", "process_out_blocks": "2523", "command_success": false}
[0m19:33:46.986762 [debug] [MainThread]: Command `dbt run` failed at 19:33:46.986665 after 0.06 seconds
[0m19:33:46.987122 [debug] [MainThread]: Sending event: {'category': 'dbt', 'action': 'invocation', 'label': 'end', 'context': [<snowplow_tracker.self_describing_json.SelfDescribingJson object at 0xffffa8f081f0>, <snowplow_tracker.self_describing_json.SelfDescribingJson object at 0xffffa6cf2680>, <snowplow_tracker.self_describing_json.SelfDescribingJson object at 0xffffa6cf0ac0>]}
[0m19:33:46.987454 [debug] [MainThread]: Flushing usage events
[0m19:40:51.644677 [debug] [MainThread]: Sending event: {'category': 'dbt', 'action': 'invocation', 'label': 'start', 'context': [<snowplow_tracker.self_describing_json.SelfDescribingJson object at 0xffffa58d2140>, <snowplow_tracker.self_describing_json.SelfDescribingJson object at 0xffffa36cbb20>, <snowplow_tracker.self_describing_json.SelfDescribingJson object at 0xffffa36cbac0>]}


============================== 19:40:51.648829 | 6fdd3796-758b-44d4-907b-58d0f0fba026 ==============================
[0m19:40:51.648829 [info ] [MainThread]: Running with dbt=1.7.19
[0m19:40:51.650503 [debug] [MainThread]: running dbt with arguments {'printer_width': '80', 'indirect_selection': 'eager', 'log_cache_events': 'False', 'write_json': 'True', 'partial_parse': 'True', 'cache_selected_only': 'False', 'warn_error': 'None', 'fail_fast': 'False', 'version_check': 'True', 'log_path': 'logs', 'debug': 'False', 'profiles_dir': '/opt/airflow/dbt/github_event_analysis', 'use_colors': 'True', 'use_experimental_parser': 'False', 'no_print': 'None', 'quiet': 'False', 'log_format': 'default', 'introspect': 'True', 'warn_error_options': 'WarnErrorOptions(include=[], exclude=[])', 'static_parser': 'True', 'target_path': 'None', 'invocation_command': 'dbt run --select github_clean_src_pull', 'send_anonymous_usage_stats': 'True'}
[0m19:40:51.651026 [error] [MainThread]: Encountered an error:
Runtime Error
  No dbt_project.yml found at expected path /opt/airflow/dbt/dbt_project.yml
  Verify that each entry within packages.yml (and their transitive dependencies) contains a file named dbt_project.yml
  
[0m19:40:51.652217 [debug] [MainThread]: Resource report: {"command_name": "run", "command_wall_clock_time": 0.035638668, "process_user_time": 1.523545, "process_kernel_time": 0.217506, "process_mem_max_rss": "158192", "process_out_blocks": "3", "command_success": false, "process_in_blocks": "0"}
[0m19:40:51.652673 [debug] [MainThread]: Command `dbt run` failed at 19:40:51.652585 after 0.04 seconds
[0m19:40:51.653036 [debug] [MainThread]: Sending event: {'category': 'dbt', 'action': 'invocation', 'label': 'end', 'context': [<snowplow_tracker.self_describing_json.SelfDescribingJson object at 0xffffa58d2140>, <snowplow_tracker.self_describing_json.SelfDescribingJson object at 0xffffa37063b0>, <snowplow_tracker.self_describing_json.SelfDescribingJson object at 0xffffa37064a0>]}
[0m19:40:51.653406 [debug] [MainThread]: Flushing usage events
[0m19:40:51.683411 [debug] [MainThread]: Sending event: {'category': 'dbt', 'action': 'invocation', 'label': 'start', 'context': [<snowplow_tracker.self_describing_json.SelfDescribingJson object at 0xffff8b7daaa0>, <snowplow_tracker.self_describing_json.SelfDescribingJson object at 0xffff89547c10>, <snowplow_tracker.self_describing_json.SelfDescribingJson object at 0xffff89547bb0>]}


============================== 19:40:51.689234 | 579605b3-1221-42b1-82c6-422c224d7143 ==============================
[0m19:40:51.689234 [info ] [MainThread]: Running with dbt=1.7.19
[0m19:40:51.690122 [debug] [MainThread]: running dbt with arguments {'printer_width': '80', 'indirect_selection': 'eager', 'write_json': 'True', 'log_cache_events': 'False', 'partial_parse': 'True', 'cache_selected_only': 'False', 'profiles_dir': '/opt/airflow/dbt/github_event_analysis', 'version_check': 'True', 'warn_error': 'None', 'log_path': 'logs', 'fail_fast': 'False', 'debug': 'False', 'use_colors': 'True', 'use_experimental_parser': 'False', 'no_print': 'None', 'quiet': 'False', 'log_format': 'default', 'invocation_command': 'dbt run --select github_clean_src_events', 'warn_error_options': 'WarnErrorOptions(include=[], exclude=[])', 'static_parser': 'True', 'target_path': 'None', 'introspect': 'True', 'send_anonymous_usage_stats': 'True'}
[0m19:40:51.690932 [error] [MainThread]: Encountered an error:
Runtime Error
  No dbt_project.yml found at expected path /opt/airflow/dbt/dbt_project.yml
  Verify that each entry within packages.yml (and their transitive dependencies) contains a file named dbt_project.yml
  
[0m19:40:51.692366 [debug] [MainThread]: Resource report: {"command_name": "run", "command_wall_clock_time": 0.04018425, "process_user_time": 1.52586, "process_kernel_time": 0.26083, "process_mem_max_rss": "158192", "process_out_blocks": "3", "command_success": false, "process_in_blocks": "0"}
[0m19:40:51.693493 [debug] [MainThread]: Command `dbt run` failed at 19:40:51.693210 after 0.04 seconds
[0m19:40:51.695074 [debug] [MainThread]: Sending event: {'category': 'dbt', 'action': 'invocation', 'label': 'end', 'context': [<snowplow_tracker.self_describing_json.SelfDescribingJson object at 0xffff8b7daaa0>, <snowplow_tracker.self_describing_json.SelfDescribingJson object at 0xffff895864a0>, <snowplow_tracker.self_describing_json.SelfDescribingJson object at 0xffff89586590>]}
[0m19:40:51.696030 [debug] [MainThread]: Flushing usage events
